==========================================================
Chand: CHARTr jobs
Starting on:Thu May  9 13:13:58 EDT 2019
Running on node:scc-xh4
Current Directory: /usr2/faculty/cchandr1/code/CHaRTr
Current Job Id: 6068230
Current Job name: chartr-multipleTasks
Current Task Id: 6
===========================================================
==========================================================
Chand: CHARTr jobs
Starting on:Thu May  9 13:36:53 EDT 2019
Running on node:scc-xg2
Current Directory: /usr2/faculty/cchandr1/code/CHaRTr
Current Job Id: 6069021
Current Job name: chartr-BatchRuns
Current Task Id: 6
===========================================================
==========================================================
Chand: CHARTr jobs
Starting on:Wed May 15 09:42:45 EDT 2019
Running on node:scc-xg3
Current Directory: /usr2/faculty/cchandr1/code/CHaRTr
Current Job Id: 6161317
Current Job name: chartr-multipleTasks
Current Task Id: 6
===========================================================
==========================================================
Chand: CHARTr jobs
Starting on:Mon May 20 19:02:12 EDT 2019
Running on node:scc-xl1
Current Directory: /usr2/faculty/cchandr1/code/CHaRTr
Current Job Id: 6287762
Current Job name: chartr-multipleTasks
Current Task Id: 6
===========================================================
==========================================================
Finished on: Wed May 22 17:15:19 EDT 2019
==========================================================
