==========================================================
Chand: CHARTr jobs
Starting on:Thu May  9 13:42:30 EDT 2019
Running on node:scc-xk4
Current Directory: /usr2/faculty/cchandr1/code/CHaRTr
Current Job Id: 6069037
Current Job name: chartr-BatchRuns
Current Task Id: 10
===========================================================
==========================================================
Chand: CHARTr jobs
Starting on:Wed May 15 09:42:45 EDT 2019
Running on node:scc-xk1
Current Directory: /usr2/faculty/cchandr1/code/CHaRTr
Current Job Id: 6161314
Current Job name: chartr-BatchRuns
Current Task Id: 10
===========================================================
==========================================================
Chand: CHARTr jobs
Starting on:Mon May 20 19:02:14 EDT 2019
Running on node:scc-xm3
Current Directory: /usr2/faculty/cchandr1/code/CHaRTr
Current Job Id: 6287765
Current Job name: chartr-BatchRuns
Current Task Id: 10
===========================================================
==========================================================
Finished on: Tue May 21 21:07:39 EDT 2019
==========================================================
