==========================================================
Chand: CHARTr jobs
Starting on:Thu May  9 13:42:30 EDT 2019
Running on node:scc-xl1
Current Directory: /usr2/faculty/cchandr1/code/CHaRTr
Current Job Id: 6069037
Current Job name: chartr-BatchRuns
Current Task Id: 8
===========================================================
==========================================================
Chand: CHARTr jobs
Starting on:Wed May 15 09:42:45 EDT 2019
Running on node:scc-xj4
Current Directory: /usr2/faculty/cchandr1/code/CHaRTr
Current Job Id: 6161314
Current Job name: chartr-BatchRuns
Current Task Id: 8
===========================================================
==========================================================
Chand: CHARTr jobs
Starting on:Mon May 20 19:02:12 EDT 2019
Running on node:scc-xj4
Current Directory: /usr2/faculty/cchandr1/code/CHaRTr
Current Job Id: 6287765
Current Job name: chartr-BatchRuns
Current Task Id: 8
===========================================================
==========================================================
Finished on: Wed May 22 05:10:17 EDT 2019
==========================================================
