==========================================================
Chand: CHARTr jobs
Starting on:Fri Jun 28 02:39:45 EDT 2019
Running on node:scc-xh2
Current Directory: /usr2/faculty/cchandr1/code/CHaRTr
Current Job Id: 7229417
Current Job name: chartr-multipleTasks
Current Task Id: 15
===========================================================
==========================================================
Finished on: Sun Jun 30 06:01:26 EDT 2019
==========================================================
==========================================================
Chand: CHARTr jobs
Starting on:Mon Jul  8 16:15:32 EDT 2019
Running on node:scc-xk4
Current Directory: /usr2/faculty/cchandr1/code/CHaRTr
Current Job Id: 7611314
Current Job name: chartr-multipleTasks
Current Task Id: 15
===========================================================
==========================================================
Finished on: Mon Jul  8 16:15:36 EDT 2019
==========================================================
==========================================================
Chand: CHARTr jobs
Starting on:Mon Jul  8 16:29:42 EDT 2019
Running on node:scc-xi3
Current Directory: /usr2/faculty/cchandr1/code/CHaRTr
Current Job Id: 7612069
Current Job name: chartr-multipleTasks
Current Task Id: 15
===========================================================
==========================================================
Finished on: Tue Jul  9 16:30:07 EDT 2019
==========================================================
