==========================================================
Chand: CHARTr jobs
Starting on:Wed Jun 12 21:31:39 EDT 2019
Running on node:scc-xk4
Current Directory: /usr2/faculty/cchandr1/code/CHaRTr
Current Job Id: 6623899
Current Job name: chartr-BatchRuns
Current Task Id: 5
===========================================================
==========================================================
Chand: CHARTr jobs
Starting on:Tue Jun 18 12:41:10 EDT 2019
Running on node:scc-xg1
Current Directory: /usr2/faculty/cchandr1/code/CHaRTr
Current Job Id: 6803072
Current Job name: chartr-BatchRuns
Current Task Id: 5
===========================================================
==========================================================
Finished on: Thu Jun 20 08:39:46 EDT 2019
==========================================================
==========================================================
Chand: CHARTr jobs
Starting on:Sun Jul 14 17:56:18 EDT 2019
Running on node:scc-xj1
Current Directory: /usr2/faculty/cchandr1/code/CHaRTr
Current Job Id: 7703643
Current Job name: chartr-BatchRuns
Current Task Id: 5
===========================================================
==========================================================
Finished on: Thu Jul 18 00:27:35 EDT 2019
==========================================================
==========================================================
Chand: CHARTr jobs
Starting on:Tue Jul 23 18:06:32 EDT 2019
Running on node:scc-xk1
Current Directory: /usr2/faculty/cchandr1/code/CHaRTr
Current Job Id: 7957979
Current Job name: chartr-BatchRuns
Current Task Id: 5
===========================================================
==========================================================
Finished on: Tue Jul 23 18:06:33 EDT 2019
==========================================================
==========================================================
Chand: CHARTr jobs
Starting on:Tue Jul 23 18:19:55 EDT 2019
Running on node:scc-xk1
Current Directory: /usr2/faculty/cchandr1/code/CHaRTr
Current Job Id: 7957990
Current Job name: chartr-BatchRuns
Current Task Id: 5
===========================================================
==========================================================
Finished on: Wed Jul 24 01:11:02 EDT 2019
==========================================================
==========================================================
Chand: CHARTr jobs
Starting on:Thu Jul 25 11:04:46 EDT 2019
Running on node:scc-xi3
Current Directory: /usr2/faculty/cchandr1/code/CHaRTr
Current Job Id: 8012744
Current Job name: chartr-BatchRuns
Current Task Id: 5
===========================================================
==========================================================
Finished on: Sun Jul 28 17:26:27 EDT 2019
==========================================================
