==========================================================
Chand: CHARTr jobs
Starting on:Mon Jul 15 11:45:56 EDT 2019
Running on node:scc-xg2
Current Directory: /usr2/faculty/cchandr1/code/CHaRTr
Current Job Id: 7712733
Current Job name: chartr-BatchRuns
Current Task Id: 4
===========================================================
==========================================================
Finished on: Wed Jul 17 14:10:59 EDT 2019
==========================================================
==========================================================
Chand: CHARTr jobs
Starting on:Thu Jul 18 19:04:25 EDT 2019
Running on node:scc-xk4
Current Directory: /usr2/faculty/cchandr1/code/CHaRTr
Current Job Id: 7810155
Current Job name: chartr-BatchRuns
Current Task Id: 4
===========================================================
