==========================================================
Chand: CHARTr jobs
Starting on:Thu May  9 13:42:30 EDT 2019
Running on node:scc-xg4
Current Directory: /usr2/faculty/cchandr1/code/CHaRTr
Current Job Id: 6069037
Current Job name: chartr-BatchRuns
Current Task Id: 9
===========================================================
==========================================================
Chand: CHARTr jobs
Starting on:Wed May 15 09:42:45 EDT 2019
Running on node:scc-xh1
Current Directory: /usr2/faculty/cchandr1/code/CHaRTr
Current Job Id: 6161314
Current Job name: chartr-BatchRuns
Current Task Id: 9
===========================================================
==========================================================
Chand: CHARTr jobs
Starting on:Mon May 20 19:02:14 EDT 2019
Running on node:scc-xh3
Current Directory: /usr2/faculty/cchandr1/code/CHaRTr
Current Job Id: 6287765
Current Job name: chartr-BatchRuns
Current Task Id: 9
===========================================================
==========================================================
Finished on: Tue May 21 22:21:53 EDT 2019
==========================================================
