==========================================================
Chand: CHARTr jobs
Starting on:Tue Aug 20 17:11:59 EDT 2019
Running on node:scc-xl2
Current Directory: /usr2/faculty/cchandr1/code/CHaRTr
Current Job Id: 8822310
Current Job name: chartr-BatchRuns
Current Task Id: 4
===========================================================
==========================================================
Finished on: Fri Aug 23 22:50:43 EDT 2019
==========================================================
==========================================================
Chand: CHARTr jobs
Starting on:Sun May 30 23:03:13 EDT 2021
Running on node:scc-xg4
Current Directory: /usr2/faculty/cchandr1/code/CHaRTr
Current Job Id: 6814597
Current Job name: chartr-BatchRuns
Current Task Id: 4
===========================================================
==========================================================
Finished on: Mon May 31 01:54:32 EDT 2021
==========================================================
