==========================================================
Chand: CHARTr jobs
Starting on:Thu May  9 13:13:57 EDT 2019
Running on node:scc-xl4
Current Directory: /usr2/faculty/cchandr1/code/CHaRTr
Current Job Id: 6068230
Current Job name: chartr-multipleTasks
Current Task Id: 8
===========================================================
==========================================================
Chand: CHARTr jobs
Starting on:Thu May  9 13:36:53 EDT 2019
Running on node:scc-xj1
Current Directory: /usr2/faculty/cchandr1/code/CHaRTr
Current Job Id: 6069021
Current Job name: chartr-BatchRuns
Current Task Id: 8
===========================================================
==========================================================
Chand: CHARTr jobs
Starting on:Wed May 15 09:42:45 EDT 2019
Running on node:scc-xj2
Current Directory: /usr2/faculty/cchandr1/code/CHaRTr
Current Job Id: 6161317
Current Job name: chartr-multipleTasks
Current Task Id: 8
===========================================================
==========================================================
Chand: CHARTr jobs
Starting on:Mon May 20 19:02:12 EDT 2019
Running on node:scc-xi2
Current Directory: /usr2/faculty/cchandr1/code/CHaRTr
Current Job Id: 6287762
Current Job name: chartr-multipleTasks
Current Task Id: 8
===========================================================
==========================================================
Finished on: Wed May 22 05:37:31 EDT 2019
==========================================================
