==========================================================
Chand: CHARTr jobs
Starting on:Sun Aug 25 08:19:36 EDT 2019
Running on node:scc-xa4
Current Directory: /usr2/faculty/cchandr1/code/CHaRTr
Current Job Id: 8906869
Current Job name: chartr-BatchRuns
Current Task Id: 7
===========================================================
==========================================================
Finished on: Wed Aug 28 05:26:03 EDT 2019
==========================================================
==========================================================
Chand: CHARTr jobs
Starting on:Sun May 30 23:03:13 EDT 2021
Running on node:scc-xk1
Current Directory: /usr2/faculty/cchandr1/code/CHaRTr
Current Job Id: 6814597
Current Job name: chartr-BatchRuns
Current Task Id: 7
===========================================================
==========================================================
Finished on: Mon May 31 01:56:18 EDT 2021
==========================================================
==========================================================
Chand: CHARTr jobs
Starting on:Wed Jun  2 23:02:06 EDT 2021
Running on node:scc-xm2
Current Directory: /usr2/faculty/cchandr1/code/CHaRTr
Current Job Id: 6851580
Current Job name: chartr-BatchRuns
Current Task Id: 7
===========================================================
==========================================================
Finished on: Thu Jun  3 16:54:37 EDT 2021
==========================================================
==========================================================
Chand: CHARTr jobs
Starting on:Thu Jun  3 22:26:15 EDT 2021
Running on node:scc-xi3
Current Directory: /usr2/faculty/cchandr1/code/CHaRTr
Current Job Id: 6860510
Current Job name: chartr-BatchRuns
Current Task Id: 7
===========================================================
==========================================================
Finished on: Fri Jun  4 12:41:02 EDT 2021
==========================================================
==========================================================
Chand: CHARTr jobs
Starting on:Sat Jun  5 12:46:11 EDT 2021
Running on node:scc-xg2
Current Directory: /usr2/faculty/cchandr1/code/CHaRTr
Current Job Id: 6874330
Current Job name: chartr-BatchRuns
Current Task Id: 7
===========================================================
==========================================================
Chand: CHARTr jobs
Starting on:Sat Jun  5 12:49:19 EDT 2021
Running on node:scc-xk1
Current Directory: /usr2/faculty/cchandr1/code/CHaRTr
Current Job Id: 6874371
Current Job name: chartr-BatchRuns
Current Task Id: 7
===========================================================
==========================================================
Chand: CHARTr jobs
Starting on:Sat Jun  5 13:15:25 EDT 2021
Running on node:scc-xk2
Current Directory: /usr2/faculty/cchandr1/code/CHaRTr
Current Job Id: 6874631
Current Job name: chartr-BatchRuns
Current Task Id: 7
===========================================================
==========================================================
Finished on: Sat Jun  5 14:50:25 EDT 2021
==========================================================
==========================================================
Chand: CHARTr jobs
Starting on:Sat Jun  5 15:21:09 EDT 2021
Running on node:scc-xj3
Current Directory: /usr2/faculty/cchandr1/code/CHaRTr
Current Job Id: 6876069
Current Job name: chartr-BatchRuns
Current Task Id: 7
===========================================================
==========================================================
Finished on: Sat Jun  5 16:54:31 EDT 2021
==========================================================
==========================================================
Chand: CHARTr jobs
Starting on:Sat Jun  5 19:25:45 EDT 2021
Running on node:scc-xm4
Current Directory: /usr2/faculty/cchandr1/code/CHaRTr
Current Job Id: 6879794
Current Job name: chartr-BatchRuns
Current Task Id: 7
===========================================================
==========================================================
Chand: CHARTr jobs
Starting on:Sat Jun  5 22:07:27 EDT 2021
Running on node:scc-xk2
Current Directory: /usr2/faculty/cchandr1/code/CHaRTr
Current Job Id: 6880880
Current Job name: chartr-BatchRuns
Current Task Id: 7
===========================================================
==========================================================
Finished on: Sun Jun  6 02:23:01 EDT 2021
==========================================================
