==========================================================
Chand: CHARTr jobs
Starting on:Sun Aug 25 08:19:36 EDT 2019
Running on node:scc-xe3
Current Directory: /usr2/faculty/cchandr1/code/CHaRTr
Current Job Id: 8906869
Current Job name: chartr-BatchRuns
Current Task Id: 10
===========================================================
==========================================================
Finished on: Wed Aug 28 05:16:41 EDT 2019
==========================================================
==========================================================
Chand: CHARTr jobs
Starting on:Sun May 30 23:03:13 EDT 2021
Running on node:scc-xj4
Current Directory: /usr2/faculty/cchandr1/code/CHaRTr
Current Job Id: 6814597
Current Job name: chartr-BatchRuns
Current Task Id: 10
===========================================================
==========================================================
Finished on: Mon May 31 02:06:29 EDT 2021
==========================================================
