==========================================================
Chand: CHARTr jobs
Starting on:Sat May 29 13:45:45 EDT 2021
Running on node:scc-xm2
Current Directory: /usr2/faculty/cchandr1/code/CHaRTr
Current Job Id: 6807929
Current Job name: chartr-BatchRuns
Current Task Id: 15
===========================================================

Please first load the R module with the following command:

> module load R

and then invoke R with:

> R [argument1 ...]

==========================================================
Finished on: Sat May 29 13:45:45 EDT 2021
==========================================================
==========================================================
Chand: CHARTr jobs
Starting on:Sat May 29 13:58:21 EDT 2021
Running on node:scc-xk2
Current Directory: /usr2/faculty/cchandr1/code/CHaRTr
Current Job Id: 6807943
Current Job name: chartr-BatchRuns
Current Task Id: 15
===========================================================
==========================================================
Chand: CHARTr jobs
Starting on:Mon May 31 10:37:24 EDT 2021
Running on node:scc-xj2
Current Directory: /usr2/faculty/cchandr1/code/CHaRTr
Current Job Id: 6817519
Current Job name: chartr-BatchRuns
Current Task Id: 15
===========================================================
==========================================================
Finished on: Tue Jun  1 21:59:03 EDT 2021
==========================================================
==========================================================
Chand: CHARTr jobs
Starting on:Wed Jun  2 23:02:14 EDT 2021
Running on node:scc-yj4
Current Directory: /usr2/faculty/cchandr1/code/CHaRTr
Current Job Id: 6851580
Current Job name: chartr-BatchRuns
Current Task Id: 15
===========================================================
==========================================================
Finished on: Thu Jun  3 14:39:39 EDT 2021
==========================================================
==========================================================
Chand: CHARTr jobs
Starting on:Thu Jun  3 23:22:41 EDT 2021
Running on node:scc-xb1
Current Directory: /usr2/faculty/cchandr1/code/CHaRTr
Current Job Id: 6860510
Current Job name: chartr-BatchRuns
Current Task Id: 15
===========================================================
==========================================================
Finished on: Fri Jun  4 12:08:00 EDT 2021
==========================================================
==========================================================
Chand: CHARTr jobs
Starting on:Sat Jun  5 22:16:37 EDT 2021
Running on node:scc-xf3
Current Directory: /usr2/faculty/cchandr1/code/CHaRTr
Current Job Id: 6880880
Current Job name: chartr-BatchRuns
Current Task Id: 15
===========================================================
==========================================================
Finished on: Sun Jun  6 03:46:12 EDT 2021
==========================================================
