==========================================================
Chand: CHARTr jobs
Starting on:Thu May  9 13:13:57 EDT 2019
Running on node:scc-xk1
Current Directory: /usr2/faculty/cchandr1/code/CHaRTr
Current Job Id: 6068230
Current Job name: chartr-multipleTasks
Current Task Id: 9
===========================================================
==========================================================
Chand: CHARTr jobs
Starting on:Thu May  9 13:36:53 EDT 2019
Running on node:scc-xm2
Current Directory: /usr2/faculty/cchandr1/code/CHaRTr
Current Job Id: 6069021
Current Job name: chartr-BatchRuns
Current Task Id: 9
===========================================================
==========================================================
Finished on: Fri May 10 15:06:32 EDT 2019
==========================================================
==========================================================
Chand: CHARTr jobs
Starting on:Wed May 15 09:42:45 EDT 2019
Running on node:scc-xh4
Current Directory: /usr2/faculty/cchandr1/code/CHaRTr
Current Job Id: 6161317
Current Job name: chartr-multipleTasks
Current Task Id: 9
===========================================================
==========================================================
Chand: CHARTr jobs
Starting on:Mon May 20 19:02:12 EDT 2019
Running on node:scc-xg1
Current Directory: /usr2/faculty/cchandr1/code/CHaRTr
Current Job Id: 6287762
Current Job name: chartr-multipleTasks
Current Task Id: 9
===========================================================
