==========================================================
Chand: CHARTr jobs
Starting on:Fri Jun 28 02:39:45 EDT 2019
Running on node:scc-xh1
Current Directory: /usr2/faculty/cchandr1/code/CHaRTr
Current Job Id: 7229417
Current Job name: chartr-multipleTasks
Current Task Id: 19
===========================================================
==========================================================
Finished on: Sun Jun 30 07:14:32 EDT 2019
==========================================================
==========================================================
Chand: CHARTr jobs
Starting on:Mon Jul  8 16:15:33 EDT 2019
Running on node:scc-xg2
Current Directory: /usr2/faculty/cchandr1/code/CHaRTr
Current Job Id: 7611314
Current Job name: chartr-multipleTasks
Current Task Id: 19
===========================================================
==========================================================
Finished on: Mon Jul  8 16:15:36 EDT 2019
==========================================================
==========================================================
Chand: CHARTr jobs
Starting on:Mon Jul  8 16:29:42 EDT 2019
Running on node:scc-xi4
Current Directory: /usr2/faculty/cchandr1/code/CHaRTr
Current Job Id: 7612069
Current Job name: chartr-multipleTasks
Current Task Id: 19
===========================================================
==========================================================
Finished on: Tue Jul  9 16:23:23 EDT 2019
==========================================================
==========================================================
Chand: CHARTr jobs
Starting on:Sat Jul 13 23:55:11 EDT 2019
Running on node:scc-xi2
Current Directory: /usr2/faculty/cchandr1/code/CHaRTr
Current Job Id: 7697584
Current Job name: chartr-multipleTasks
Current Task Id: 19
===========================================================
==========================================================
Finished on: Sun Jul 14 18:16:51 EDT 2019
==========================================================
