==========================================================
Chand: CHARTr jobs
Starting on:Sun Aug 25 08:19:36 EDT 2019
Running on node:scc-xa1
Current Directory: /usr2/faculty/cchandr1/code/CHaRTr
Current Job Id: 8906869
Current Job name: chartr-BatchRuns
Current Task Id: 8
===========================================================
==========================================================
Finished on: Wed Aug 28 05:46:28 EDT 2019
==========================================================
==========================================================
Chand: CHARTr jobs
Starting on:Sun May 30 23:03:13 EDT 2021
Running on node:scc-xg3
Current Directory: /usr2/faculty/cchandr1/code/CHaRTr
Current Job Id: 6814597
Current Job name: chartr-BatchRuns
Current Task Id: 8
===========================================================
==========================================================
Finished on: Mon May 31 02:01:49 EDT 2021
==========================================================
==========================================================
Chand: CHARTr jobs
Starting on:Wed Jun  2 23:02:06 EDT 2021
Running on node:scc-xh2
Current Directory: /usr2/faculty/cchandr1/code/CHaRTr
Current Job Id: 6851580
Current Job name: chartr-BatchRuns
Current Task Id: 8
===========================================================
==========================================================
Finished on: Thu Jun  3 16:14:21 EDT 2021
==========================================================
==========================================================
Chand: CHARTr jobs
Starting on:Thu Jun  3 22:26:29 EDT 2021
Running on node:scc-xj2
Current Directory: /usr2/faculty/cchandr1/code/CHaRTr
Current Job Id: 6860510
Current Job name: chartr-BatchRuns
Current Task Id: 8
===========================================================
==========================================================
Finished on: Fri Jun  4 13:11:16 EDT 2021
==========================================================
==========================================================
Chand: CHARTr jobs
Starting on:Sat Jun  5 12:46:11 EDT 2021
Running on node:scc-xj1
Current Directory: /usr2/faculty/cchandr1/code/CHaRTr
Current Job Id: 6874330
Current Job name: chartr-BatchRuns
Current Task Id: 8
===========================================================
==========================================================
Chand: CHARTr jobs
Starting on:Sat Jun  5 12:49:19 EDT 2021
Running on node:scc-xm2
Current Directory: /usr2/faculty/cchandr1/code/CHaRTr
Current Job Id: 6874371
Current Job name: chartr-BatchRuns
Current Task Id: 8
===========================================================
==========================================================
Chand: CHARTr jobs
Starting on:Sat Jun  5 13:15:25 EDT 2021
Running on node:scc-xk1
Current Directory: /usr2/faculty/cchandr1/code/CHaRTr
Current Job Id: 6874631
Current Job name: chartr-BatchRuns
Current Task Id: 8
===========================================================
==========================================================
Finished on: Sat Jun  5 15:00:12 EDT 2021
==========================================================
==========================================================
Chand: CHARTr jobs
Starting on:Sat Jun  5 15:21:09 EDT 2021
Running on node:scc-xg3
Current Directory: /usr2/faculty/cchandr1/code/CHaRTr
Current Job Id: 6876069
Current Job name: chartr-BatchRuns
Current Task Id: 8
===========================================================
==========================================================
Finished on: Sat Jun  5 16:55:44 EDT 2021
==========================================================
==========================================================
Chand: CHARTr jobs
Starting on:Sat Jun  5 19:25:45 EDT 2021
Running on node:scc-xh2
Current Directory: /usr2/faculty/cchandr1/code/CHaRTr
Current Job Id: 6879794
Current Job name: chartr-BatchRuns
Current Task Id: 8
===========================================================
==========================================================
Finished on: Sat Jun  5 21:08:35 EDT 2021
==========================================================
==========================================================
Chand: CHARTr jobs
Starting on:Sat Jun  5 22:07:46 EDT 2021
Running on node:scc-xe2
Current Directory: /usr2/faculty/cchandr1/code/CHaRTr
Current Job Id: 6880880
Current Job name: chartr-BatchRuns
Current Task Id: 8
===========================================================
==========================================================
Finished on: Sun Jun  6 02:28:47 EDT 2021
==========================================================
