==========================================================
Chand: CHARTr jobs
Starting on:Tue Aug 20 16:57:02 EDT 2019
Running on node:scc-wc1
Current Directory: /usr2/faculty/cchandr1/code/CHaRTr
Current Job Id: 8822298
Current Job name: chartr-BatchRuns
Current Task Id: 1
===========================================================
==========================================================
Finished on: Tue Aug 20 16:57:08 EDT 2019
==========================================================
==========================================================
Chand: CHARTr jobs
Starting on:Tue Aug 20 17:11:59 EDT 2019
Running on node:scc-xh4
Current Directory: /usr2/faculty/cchandr1/code/CHaRTr
Current Job Id: 8822310
Current Job name: chartr-BatchRuns
Current Task Id: 1
===========================================================
