==========================================================
Chand: CHARTr jobs
Starting on:Sun Aug 25 08:19:36 EDT 2019
Running on node:scc-xc3
Current Directory: /usr2/faculty/cchandr1/code/CHaRTr
Current Job Id: 8906869
Current Job name: chartr-BatchRuns
Current Task Id: 9
===========================================================
==========================================================
Finished on: Wed Aug 28 06:12:26 EDT 2019
==========================================================
==========================================================
Chand: CHARTr jobs
Starting on:Sun May 30 23:03:13 EDT 2021
Running on node:scc-xj3
Current Directory: /usr2/faculty/cchandr1/code/CHaRTr
Current Job Id: 6814597
Current Job name: chartr-BatchRuns
Current Task Id: 9
===========================================================
==========================================================
Finished on: Mon May 31 02:05:53 EDT 2021
==========================================================
