==========================================================
Chand: CHARTr jobs
Starting on:Fri Jun 28 02:40:17 EDT 2019
Running on node:scc-xl2
Current Directory: /usr2/faculty/cchandr1/code/CHaRTr
Current Job Id: 7229418
Current Job name: chartr-BatchRuns
Current Task Id: 20
===========================================================
==========================================================
Finished on: Sun Jun 30 02:09:55 EDT 2019
==========================================================
==========================================================
Chand: CHARTr jobs
Starting on:Mon Jul  8 16:35:40 EDT 2019
Running on node:scc-xi1
Current Directory: /usr2/faculty/cchandr1/code/CHaRTr
Current Job Id: 7612135
Current Job name: chartr-BatchRuns
Current Task Id: 20
===========================================================
==========================================================
Finished on: Tue Jul  9 15:36:32 EDT 2019
==========================================================
==========================================================
Chand: CHARTr jobs
Starting on:Sat Jul 13 23:55:50 EDT 2019
Running on node:scc-xm3
Current Directory: /usr2/faculty/cchandr1/code/CHaRTr
Current Job Id: 7697585
Current Job name: chartr-BatchRuns
Current Task Id: 20
===========================================================
==========================================================
Finished on: Sun Jul 14 15:50:14 EDT 2019
==========================================================
