==========================================================
Chand: CHARTr jobs
Starting on:Sat May 29 13:45:45 EDT 2021
Running on node:scc-xg1
Current Directory: /usr2/faculty/cchandr1/code/CHaRTr
Current Job Id: 6807929
Current Job name: chartr-BatchRuns
Current Task Id: 11
===========================================================

Please first load the R module with the following command:

> module load R

and then invoke R with:

> R [argument1 ...]

==========================================================
Finished on: Sat May 29 13:45:45 EDT 2021
==========================================================
==========================================================
Chand: CHARTr jobs
Starting on:Sat May 29 13:58:21 EDT 2021
Running on node:scc-xj3
Current Directory: /usr2/faculty/cchandr1/code/CHaRTr
Current Job Id: 6807943
Current Job name: chartr-BatchRuns
Current Task Id: 11
===========================================================
==========================================================
Chand: CHARTr jobs
Starting on:Mon May 31 10:37:24 EDT 2021
Running on node:scc-xh3
Current Directory: /usr2/faculty/cchandr1/code/CHaRTr
Current Job Id: 6817519
Current Job name: chartr-BatchRuns
Current Task Id: 11
===========================================================
==========================================================
Finished on: Tue Jun  1 19:33:33 EDT 2021
==========================================================
==========================================================
Chand: CHARTr jobs
Starting on:Wed Jun  2 23:02:06 EDT 2021
Running on node:scc-xh1
Current Directory: /usr2/faculty/cchandr1/code/CHaRTr
Current Job Id: 6851580
Current Job name: chartr-BatchRuns
Current Task Id: 11
===========================================================
==========================================================
Finished on: Thu Jun  3 15:34:25 EDT 2021
==========================================================
==========================================================
Chand: CHARTr jobs
Starting on:Thu Jun  3 22:53:06 EDT 2021
Running on node:scc-xb4
Current Directory: /usr2/faculty/cchandr1/code/CHaRTr
Current Job Id: 6860510
Current Job name: chartr-BatchRuns
Current Task Id: 11
===========================================================
==========================================================
Finished on: Fri Jun  4 12:40:03 EDT 2021
==========================================================
==========================================================
Chand: CHARTr jobs
Starting on:Sat Jun  5 22:12:44 EDT 2021
Running on node:scc-xf2
Current Directory: /usr2/faculty/cchandr1/code/CHaRTr
Current Job Id: 6880880
Current Job name: chartr-BatchRuns
Current Task Id: 11
===========================================================
==========================================================
Finished on: Sun Jun  6 02:28:46 EDT 2021
==========================================================
