==========================================================
Chand: CHARTr jobs
Starting on:Tue Aug 20 16:49:35 EDT 2019
Running on node:scc-xf1
Current Directory: /usr2/faculty/cchandr1/code/CHaRTr
Current Job Id: 8822279
Current Job name: chartr-multipleTasks
Current Task Id: 2
===========================================================
==========================================================
Chand: CHARTr jobs
Starting on:Tue Aug 20 16:49:36 EDT 2019
Running on node:scc-xe2
Current Directory: /usr2/faculty/cchandr1/code/CHaRTr
Current Job Id: 8822279
Current Job name: chartr-multipleTasks
Current Task Id: 1
===========================================================
==========================================================
Chand: CHARTr jobs
Starting on:Tue Aug 20 16:49:52 EDT 2019
Running on node:scc-xf2
Current Directory: /usr2/faculty/cchandr1/code/CHaRTr
Current Job Id: 8822279
Current Job name: chartr-multipleTasks
Current Task Id: 3
===========================================================
==========================================================
Chand: CHARTr jobs
Starting on:Tue Aug 20 16:52:12 EDT 2019
Running on node:scc-yk4
Current Directory: /usr2/faculty/cchandr1/code/CHaRTr
Current Job Id: 8822279
Current Job name: chartr-multipleTasks
Current Task Id: 4
===========================================================
==========================================================
Chand: CHARTr jobs
Starting on:Tue Aug 20 16:55:37 EDT 2019
Running on node:scc-xf1
Current Directory: /usr2/faculty/cchandr1/code/CHaRTr
Current Job Id: 8822297
Current Job name: chartr-multipleTasks
Current Task Id: 1
===========================================================
Starting on:Tue Aug 20 16:55:37 EDT 2019
Running on node:scc-yj2
Current Directory: /usr2/faculty/cchandr1/code/CHaRTr
Current Job Id: 8822297
Current Job name: chartr-multipleTasks
Current Task Id: 4
===========================================================
==========================================================
Chand: CHARTr jobs
Starting on:Tue Aug 20 16:55:38 EDT 2019
Running on node:scc-xf2
Current Directory: /usr2/faculty/cchandr1/code/CHaRTr
Current Job Id: 8822297
Current Job name: chartr-multipleTasks
Current Task Id: 2
===========================================================
==========================================================
Chand: CHARTr jobs
Starting on:Tue Aug 20 16:57:02 EDT 2019
Running on node:scc-xl1
Current Directory: /usr2/faculty/cchandr1/code/CHaRTr
Current Job Id: 8822297
Current Job name: chartr-multipleTasks
Current Task Id: 5
===========================================================
Starting on:Tue Aug 20 16:57:17 EDT 2019
Running on node:scc-xe2
Current Directory: /usr2/faculty/cchandr1/code/CHaRTr
Current Job Id: 8822297
Current Job name: chartr-multipleTasks
Current Task Id: 3
===========================================================
==========================================================
Finished on: Fri Aug 23 22:26:43 EDT 2019
==========================================================
==========================================================
Finished on: Sat Aug 24 02:55:53 EDT 2019
==========================================================
==========================================================
Finished on: Sat Aug 24 11:48:40 EDT 2019
==========================================================
==========================================================
Finished on: Sat Aug 24 13:18:39 EDT 2019
==========================================================
==========================================================
Finished on: Sat Aug 24 18:58:53 EDT 2019
==========================================================
==========================================================
Chand: CHARTr jobs
Starting on:Sun Aug 25 08:19:36 EDT 2019
Running on node:scc-xa2
8:19:36 EDT 2019
Current Directory: /usr2Current Directory: /usr2/faculty/cchandr1/code/CHaRTr
Current Job Id: 8906870
Current Job name: chartr-multipleTasks
Current Task Id: 10
===========================================================
==========================================================
Finished on: Wed Aug 28 04:05:14 EDT 2019
==========================================================
==========================================================
Finished on: Wed Aug 28 04:52:14 EDT 2019
==========================================================
==========================================================
Finished on: Wed Aug 28 05:09:57 EDT 2019
==========================================================
==========================================================
Finished on: Wed Aug 28 05:16:49 EDT 2019
==========================================================
==========================================================
Finished on: Wed Aug 28 05:46:19 EDT 2019
==========================================================
==========================================================
Chand: CHARTr jobs
Starting on:Sat May 29 13:58:21 EDT 2021
Running on node:scc-xg4
Current Directory: /usr2/faculty/cchandr1/code/CHaRTr
Current Job Id: 6807942
Current Job name: chartr-multipleTasks
Current Task Id: 11
===========================================================
Starting on:Sat May 29 13:58:21 EDT 2021
Running on node:scc-xg3
Current Directory: /usr2/faculty/cchandr1/code/CHaRTr
Current Job Id: 6807942
Current Job name: chartr-multipleTasks
Current Task Id: 13
===========================================================
Starting on:Sat May 29 13:58:21 EDT 2021
Running on node:scc-xk4
Current Directory: /usr2/faculty/cchandr1/code/CHaRTr
Current Job Id: 6807942
Current Job name: chartr-multipleTasks
Current Task Id: 12
===========================================================
==========================================================
Chand: CHARTr jobs
Starting on:Sat May 29 13:58:25 EDT 2021
Running on node:scc-xk1
Current Directory: /usr2/faculty/cchandr1/code/CHaRTr
Current Job Id: 6807942
Current Job name: chartr-multipleTasks
Current Task Id: 15
===========================================================
