==========================================================
Chand: CHARTr jobs
Starting on:Tue Aug 20 16:57:02 EDT 2019
Running on node:scc-yk4
Current Directory: /usr2/faculty/cchandr1/code/CHaRTr
Current Job Id: 8822298
Current Job name: chartr-BatchRuns
Current Task Id: 2
===========================================================
==========================================================
Finished on: Tue Aug 20 16:57:07 EDT 2019
==========================================================
==========================================================
Chand: CHARTr jobs
Starting on:Tue Aug 20 17:11:59 EDT 2019
Running on node:scc-xj1
Current Directory: /usr2/faculty/cchandr1/code/CHaRTr
Current Job Id: 8822310
Current Job name: chartr-BatchRuns
Current Task Id: 2
===========================================================
==========================================================
Chand: CHARTr jobs
Starting on:Sun May 30 23:03:13 EDT 2021
Running on node:scc-xh4
Current Directory: /usr2/faculty/cchandr1/code/CHaRTr
Current Job Id: 6814597
Current Job name: chartr-BatchRuns
Current Task Id: 2
===========================================================
==========================================================
Finished on: Mon May 31 02:04:27 EDT 2021
==========================================================
