==========================================================
Chand: CHARTr jobs
Starting on:Mon Jul 15 11:45:56 EDT 2019
Running on node:scc-xh4
Current Directory: /usr2/faculty/cchandr1/code/CHaRTr
Current Job Id: 7712733
Current Job name: chartr-BatchRuns
Current Task Id: 1
===========================================================
==========================================================
Finished on: Wed Jul 17 18:26:27 EDT 2019
==========================================================
==========================================================
Chand: CHARTr jobs
Starting on:Thu Jul 18 19:04:25 EDT 2019
Running on node:scc-xj1
Current Directory: /usr2/faculty/cchandr1/code/CHaRTr
Current Job Id: 7810155
Current Job name: chartr-BatchRuns
Current Task Id: 1
===========================================================
==========================================================
Finished on: Tue Jul 23 17:33:12 EDT 2019
==========================================================
