==========================================================
Chand: CHARTr jobs
Starting on:Wed Jun 12 21:31:39 EDT 2019
Running on node:scc-xi3
Current Directory: /usr2/faculty/cchandr1/code/CHaRTr
Current Job Id: 6623899
Current Job name: chartr-BatchRuns
Current Task Id: 4
===========================================================
==========================================================
Chand: CHARTr jobs
Starting on:Tue Jun 18 12:41:10 EDT 2019
Running on node:scc-xk3
Current Directory: /usr2/faculty/cchandr1/code/CHaRTr
Current Job Id: 6803072
Current Job name: chartr-BatchRuns
Current Task Id: 4
===========================================================
==========================================================
Finished on: Thu Jun 20 07:35:24 EDT 2019
==========================================================
==========================================================
Chand: CHARTr jobs
Starting on:Sun Jul 14 17:56:18 EDT 2019
Running on node:scc-xi3
Current Directory: /usr2/faculty/cchandr1/code/CHaRTr
Current Job Id: 7703643
Current Job name: chartr-BatchRuns
Current Task Id: 4
===========================================================
==========================================================
Finished on: Thu Jul 18 05:48:27 EDT 2019
==========================================================
==========================================================
Chand: CHARTr jobs
Starting on:Tue Jul 23 18:06:32 EDT 2019
Running on node:scc-xh1
Current Directory: /usr2/faculty/cchandr1/code/CHaRTr
Current Job Id: 7957979
Current Job name: chartr-BatchRuns
Current Task Id: 4
===========================================================
==========================================================
Finished on: Tue Jul 23 18:06:33 EDT 2019
==========================================================
==========================================================
Chand: CHARTr jobs
Starting on:Tue Jul 23 18:19:51 EDT 2019
Running on node:scc-xh1
Current Directory: /usr2/faculty/cchandr1/code/CHaRTr
Current Job Id: 7957990
Current Job name: chartr-BatchRuns
Current Task Id: 4
===========================================================
==========================================================
Finished on: Wed Jul 24 06:18:22 EDT 2019
==========================================================
==========================================================
Chand: CHARTr jobs
Starting on:Thu Jul 25 11:04:46 EDT 2019
Running on node:scc-xm3
Current Directory: /usr2/faculty/cchandr1/code/CHaRTr
Current Job Id: 8012744
Current Job name: chartr-BatchRuns
Current Task Id: 4
===========================================================
==========================================================
Finished on: Sun Jul 28 20:21:53 EDT 2019
==========================================================
