==========================================================
Chand: CHARTr jobs
Starting on:Fri Jun  7 18:13:44 EDT 2019
Running on node:scc-xm1
Current Directory: /usr2/faculty/cchandr1/code/CHaRTr
Current Job Id: 6579474
Current Job name: chartr-multipleTasks
Current Task Id: 2
===========================================================
==========================================================
Chand: CHARTr jobs
Starting on:Wed Jun 12 14:41:10 EDT 2019
Running on node:scc-xg2
Current Directory: /usr2/faculty/cchandr1/code/CHaRTr
Current Job Id: 6611047
Current Job name: chartr-multipleTasks
Current Task Id: 2
===========================================================
==========================================================
Chand: CHARTr jobs
Starting on:Sat Jun 15 11:36:20 EDT 2019
Running on node:scc-xi2
Current Directory: /usr2/faculty/cchandr1/code/CHaRTr
Current Job Id: 6710116
Current Job name: chartr-multipleTasks
Current Task Id: 2
===========================================================
==========================================================
Finished on: Wed Jun 19 02:25:55 EDT 2019
==========================================================
==========================================================
Chand: CHARTr jobs
Starting on:Sun Jul 14 19:10:46 EDT 2019
Running on node:scc-xm2
Current Directory: /usr2/faculty/cchandr1/code/CHaRTr
Current Job Id: 7704164
Current Job name: chartr-multipleTasks
Current Task Id: 2
===========================================================
==========================================================
Chand: CHARTr jobs
Starting on:Tue Jul 23 18:06:32 EDT 2019
Running on node:scc-xi2
Current Directory: /usr2/faculty/cchandr1/code/CHaRTr
Current Job Id: 7957978
Current Job name: chartr-multipleTasks
Current Task Id: 2
===========================================================
==========================================================
Finished on: Wed Jul 24 08:12:57 EDT 2019
==========================================================
==========================================================
Chand: CHARTr jobs
Starting on:Wed Jul 24 17:33:15 EDT 2019
Running on node:scc-xg1
Current Directory: /usr2/faculty/cchandr1/code/CHaRTr
Current Job Id: 7995025
Current Job name: chartr-multipleTasks
Current Task Id: 2
===========================================================
==========================================================
Finished on: Wed Jul 24 17:33:15 EDT 2019
==========================================================
==========================================================
Chand: CHARTr jobs
Starting on:Wed Jul 24 17:46:25 EDT 2019
Running on node:scc-xm3
Current Directory: /usr2/faculty/cchandr1/code/CHaRTr
Current Job Id: 7995045
Current Job name: chartr-multipleTasks
Current Task Id: 2
===========================================================
==========================================================
Finished on: Wed Jul 24 17:46:26 EDT 2019
==========================================================
==========================================================
Chand: CHARTr jobs
Starting on:Wed Jul 24 18:23:44 EDT 2019
Running on node:scc-xm3
Current Directory: /usr2/faculty/cchandr1/code/CHaRTr
Current Job Id: 7995257
Current Job name: chartr-multipleTasks
Current Task Id: 2
===========================================================
==========================================================
Finished on: Thu Jul 25 00:29:54 EDT 2019
==========================================================
==========================================================
Chand: CHARTr jobs
Starting on:Thu Jul 25 11:04:46 EDT 2019
Running on node:scc-xl1
Current Directory: /usr2/faculty/cchandr1/code/CHaRTr
Current Job Id: 8012742
Current Job name: chartr-multipleTasks
Current Task Id: 2
===========================================================
==========================================================
Chand: CHARTr jobs
Starting on:Thu Jul 25 11:07:49 EDT 2019
Running on node:scc-xh1
Current Directory: /usr2/faculty/cchandr1/code/CHaRTr
Current Job Id: 8012758
Current Job name: chartr-multipleTasks
Current Task Id: 2
===========================================================
==========================================================
Finished on: Sun Jul 28 23:57:26 EDT 2019
==========================================================
