==========================================================
Chand: CHARTr jobs
Starting on:Tue Aug 20 17:11:59 EDT 2019
Running on node:scc-xg1
Current Directory: /usr2/faculty/cchandr1/code/CHaRTr
Current Job Id: 8822310
Current Job name: chartr-BatchRuns
Current Task Id: 5
===========================================================
==========================================================
Finished on: Sat Aug 24 03:19:42 EDT 2019
==========================================================
==========================================================
Chand: CHARTr jobs
Starting on:Sun May 30 23:03:13 EDT 2021
Running on node:scc-xk4
Current Directory: /usr2/faculty/cchandr1/code/CHaRTr
Current Job Id: 6814597
Current Job name: chartr-BatchRuns
Current Task Id: 5
===========================================================
==========================================================
Finished on: Mon May 31 01:58:15 EDT 2021
==========================================================
