==========================================================
Chand: CHARTr jobs
Starting on:Thu Jun 20 15:13:56 EDT 2019
Running on node:scc-xh3
Current Directory: /usr2/faculty/cchandr1/code/CHaRTr
Current Job Id: 6925657
Current Job name: chartr-BatchRuns
Current Task Id: 6
===========================================================
==========================================================
Finished on: Mon Jun 24 11:21:40 EDT 2019
==========================================================
==========================================================
Chand: CHARTr jobs
Starting on:Tue Jul  9 17:25:51 EDT 2019
Running on node:scc-xh1
Current Directory: /usr2/faculty/cchandr1/code/CHaRTr
Current Job Id: 7640318
Current Job name: chartr-BatchRuns
Current Task Id: 6
===========================================================
==========================================================
Finished on: Thu Jul 11 12:20:19 EDT 2019
==========================================================
==========================================================
Chand: CHARTr jobs
Starting on:Thu Jul 11 13:27:16 EDT 2019
Running on node:scc-xi4
Current Directory: /usr2/faculty/cchandr1/code/CHaRTr
Current Job Id: 7663606
Current Job name: chartr-BatchRuns
Current Task Id: 6
===========================================================
==========================================================
Finished on: Thu Jul 11 13:37:21 EDT 2019
==========================================================
==========================================================
Chand: CHARTr jobs
Starting on:Thu Jul 11 14:03:02 EDT 2019
Running on node:scc-xm3
Current Directory: /usr2/faculty/cchandr1/code/CHaRTr
Current Job Id: 7663749
Current Job name: chartr-BatchRuns
Current Task Id: 6
===========================================================
==========================================================
Finished on: Thu Jul 11 16:33:45 EDT 2019
==========================================================
==========================================================
Chand: CHARTr jobs
Starting on:Thu Jul 11 17:53:19 EDT 2019
Running on node:scc-xm1
Current Directory: /usr2/faculty/cchandr1/code/CHaRTr
Current Job Id: 7666762
Current Job name: chartr-BatchRuns
Current Task Id: 6
===========================================================
==========================================================
Finished on: Thu Jul 11 21:49:19 EDT 2019
==========================================================
==========================================================
Chand: CHARTr jobs
Starting on:Fri Jul 12 08:36:05 EDT 2019
Running on node:scc-xi1
Current Directory: /usr2/faculty/cchandr1/code/CHaRTr
Current Job Id: 7673426
Current Job name: chartr-BatchRuns
Current Task Id: 6
===========================================================
==========================================================
Finished on: Fri Jul 12 08:54:21 EDT 2019
==========================================================
==========================================================
Chand: CHARTr jobs
Starting on:Fri Jul 12 09:16:16 EDT 2019
Running on node:scc-xj4
Current Directory: /usr2/faculty/cchandr1/code/CHaRTr
Current Job Id: 7673957
Current Job name: chartr-BatchRuns
Current Task Id: 6
===========================================================
==========================================================
Finished on: Sat Jul 13 10:21:24 EDT 2019
==========================================================
