==========================================================
Chand: CHARTr jobs
Starting on:Fri Jun 28 02:39:45 EDT 2019
Running on node:scc-xi1
Current Directory: /usr2/faculty/cchandr1/code/CHaRTr
Current Job Id: 7229418
Current Job name: chartr-BatchRuns
Current Task Id: 17
===========================================================
==========================================================
Finished on: Sun Jun 30 03:34:54 EDT 2019
==========================================================
==========================================================
Chand: CHARTr jobs
Starting on:Mon Jul  8 16:35:40 EDT 2019
Running on node:scc-xl2
Current Directory: /usr2/faculty/cchandr1/code/CHaRTr
Current Job Id: 7612135
Current Job name: chartr-BatchRuns
Current Task Id: 17
===========================================================
==========================================================
Finished on: Tue Jul  9 16:54:35 EDT 2019
==========================================================
==========================================================
Chand: CHARTr jobs
Starting on:Sat Jul 13 23:55:11 EDT 2019
Running on node:scc-xi1
Current Directory: /usr2/faculty/cchandr1/code/CHaRTr
Current Job Id: 7697585
Current Job name: chartr-BatchRuns
Current Task Id: 17
===========================================================
==========================================================
Finished on: Sun Jul 14 15:53:39 EDT 2019
==========================================================
