==========================================================
Chand: CHARTr jobs
Starting on:Thu May  9 13:13:58 EDT 2019
Running on node:scc-xm4
Current Directory: /usr2/faculty/cchandr1/code/CHaRTr
Current Job Id: 6068230
Current Job name: chartr-multipleTasks
Current Task Id: 10
===========================================================
==========================================================
Chand: CHARTr jobs
Starting on:Thu May  9 13:36:53 EDT 2019
Running on node:scc-xj4
Current Directory: /usr2/faculty/cchandr1/code/CHaRTr
Current Job Id: 6069021
Current Job name: chartr-BatchRuns
Current Task Id: 10
===========================================================
==========================================================
Chand: CHARTr jobs
Starting on:Wed May 15 09:42:45 EDT 2019
Running on node:scc-xg2
Current Directory: /usr2/faculty/cchandr1/code/CHaRTr
Current Job Id: 6161317
Current Job name: chartr-multipleTasks
Current Task Id: 10
===========================================================
==========================================================
Chand: CHARTr jobs
Starting on:Mon May 20 19:02:12 EDT 2019
Running on node:scc-xk3
Current Directory: /usr2/faculty/cchandr1/code/CHaRTr
Current Job Id: 6287762
Current Job name: chartr-multipleTasks
Current Task Id: 10
===========================================================
==========================================================
Finished on: Wed May 22 17:21:53 EDT 2019
==========================================================
