==========================================================
Chand: CHARTr jobs
Starting on:Fri Jun 28 02:40:17 EDT 2019
Running on node:scc-xk4
Current Directory: /usr2/faculty/cchandr1/code/CHaRTr
Current Job Id: 7229418
Current Job name: chartr-BatchRuns
Current Task Id: 19
===========================================================
==========================================================
Finished on: Sun Jun 30 03:12:53 EDT 2019
==========================================================
==========================================================
Chand: CHARTr jobs
Starting on:Mon Jul  8 16:35:40 EDT 2019
Running on node:scc-xi2
Current Directory: /usr2/faculty/cchandr1/code/CHaRTr
Current Job Id: 7612135
Current Job name: chartr-BatchRuns
Current Task Id: 19
===========================================================
==========================================================
Finished on: Tue Jul  9 15:17:28 EDT 2019
==========================================================
==========================================================
Chand: CHARTr jobs
Starting on:Sat Jul 13 23:55:11 EDT 2019
Running on node:scc-xh3
Current Directory: /usr2/faculty/cchandr1/code/CHaRTr
Current Job Id: 7697585
Current Job name: chartr-BatchRuns
Current Task Id: 19
===========================================================
==========================================================
Finished on: Sun Jul 14 16:03:27 EDT 2019
==========================================================
