==========================================================
Chand: CHARTr jobs
Starting on:Sun Aug 25 08:19:36 EDT 2019
Running on node:scc-xd2
Current Directory: /usr2/faculty/cchandr1/code/CHaRTr
Current Job Id: 8906869
Current Job name: chartr-BatchRuns
Current Task Id: 6
===========================================================
==========================================================
Finished on: Wed Aug 28 04:18:40 EDT 2019
==========================================================
==========================================================
Chand: CHARTr jobs
Starting on:Sun May 30 23:03:13 EDT 2021
Running on node:scc-xi4
Current Directory: /usr2/faculty/cchandr1/code/CHaRTr
Current Job Id: 6814597
Current Job name: chartr-BatchRuns
Current Task Id: 6
===========================================================
==========================================================
Finished on: Mon May 31 02:05:30 EDT 2021
==========================================================
