==========================================================
Chand: CHARTr jobs
Starting on:Fri Jun 28 02:39:45 EDT 2019
Running on node:scc-xj3
Current Directory: /usr2/faculty/cchandr1/code/CHaRTr
Current Job Id: 7229418
Current Job name: chartr-BatchRuns
Current Task Id: 18
===========================================================
==========================================================
Finished on: Sun Jun 30 02:17:19 EDT 2019
==========================================================
==========================================================
Chand: CHARTr jobs
Starting on:Mon Jul  8 16:35:40 EDT 2019
Running on node:scc-xk3
Current Directory: /usr2/faculty/cchandr1/code/CHaRTr
Current Job Id: 7612135
Current Job name: chartr-BatchRuns
Current Task Id: 18
===========================================================
==========================================================
Finished on: Tue Jul  9 15:43:49 EDT 2019
==========================================================
==========================================================
Chand: CHARTr jobs
Starting on:Sat Jul 13 23:55:11 EDT 2019
Running on node:scc-xj4
Current Directory: /usr2/faculty/cchandr1/code/CHaRTr
Current Job Id: 7697585
Current Job name: chartr-BatchRuns
Current Task Id: 18
===========================================================
==========================================================
Finished on: Sun Jul 14 15:42:53 EDT 2019
==========================================================
